INFO  started: Metals version 0.8.3 in workspace '/home/enigma/Documents/tester'
INFO  time: initialize in 4.07s
WARN  no build tool detected in workspace '/home/enigma/Documents/tester'. The most common cause for this problem is that the editor was opened in the wrong working directory, for example if you use sbt then the workspace directory should contain build.sbt. 
WARN  no build target for: /home/enigma/Documents/tester/tester/src/main/scala/Main.scala
Mar 28, 2020 4:06:09 PM org.eclipse.lsp4j.jsonrpc.RemoteEndpoint handleCancellation
WARNING: Unmatched cancel notification for request id 2
Mar 28, 2020 4:06:09 PM org.eclipse.lsp4j.jsonrpc.RemoteEndpoint handleCancellation
WARNING: Unmatched cancel notification for request id 3
Mar 28, 2020 4:06:09 PM org.eclipse.lsp4j.jsonrpc.RemoteEndpoint handleCancellation
WARNING: Unmatched cancel notification for request id 5
Mar 28, 2020 4:06:09 PM org.eclipse.lsp4j.jsonrpc.RemoteEndpoint handleCancellation
WARNING: Unmatched cancel notification for request id 4
Mar 28, 2020 4:06:09 PM org.eclipse.lsp4j.jsonrpc.RemoteEndpoint handleCancellation
WARNING: Unmatched cancel notification for request id 1
INFO  no build target: using presentation compiler with only scala-library
Mar 28, 2020 4:06:16 PM org.eclipse.lsp4j.jsonrpc.RemoteEndpoint handleCancellation
WARNING: Unmatched cancel notification for request id 8
Mar 28, 2020 4:06:16 PM org.eclipse.lsp4j.jsonrpc.RemoteEndpoint handleCancellation
WARNING: Unmatched cancel notification for request id 9
Mar 28, 2020 4:06:16 PM org.eclipse.lsp4j.jsonrpc.RemoteEndpoint handleCancellation
WARNING: Unmatched cancel notification for request id 12
Mar 28, 2020 4:06:16 PM org.eclipse.lsp4j.jsonrpc.RemoteEndpoint handleCancellation
WARNING: Unmatched cancel notification for request id 14
Mar 28, 2020 4:06:16 PM org.eclipse.lsp4j.jsonrpc.RemoteEndpoint handleCancellation
WARNING: Unmatched cancel notification for request id 13
Mar 28, 2020 4:06:16 PM org.eclipse.lsp4j.jsonrpc.RemoteEndpoint handleCancellation
WARNING: Unmatched cancel notification for request id 15
Mar 28, 2020 4:06:16 PM org.eclipse.lsp4j.jsonrpc.RemoteEndpoint handleCancellation
WARNING: Unmatched cancel notification for request id 16
Mar 28, 2020 4:06:16 PM org.eclipse.lsp4j.jsonrpc.RemoteEndpoint handleCancellation
WARNING: Unmatched cancel notification for request id 18
Mar 28, 2020 4:06:16 PM org.eclipse.lsp4j.jsonrpc.RemoteEndpoint handleCancellation
WARNING: Unmatched cancel notification for request id 17
Mar 28, 2020 4:06:16 PM org.eclipse.lsp4j.jsonrpc.RemoteEndpoint handleCancellation
WARNING: Unmatched cancel notification for request id 19
Mar 28, 2020 4:06:16 PM org.eclipse.lsp4j.jsonrpc.RemoteEndpoint handleCancellation
WARNING: Unmatched cancel notification for request id 20
Mar 28, 2020 4:06:16 PM org.eclipse.lsp4j.jsonrpc.RemoteEndpoint handleCancellation
WARNING: Unmatched cancel notification for request id 22
Mar 28, 2020 4:06:17 PM org.eclipse.lsp4j.jsonrpc.RemoteEndpoint handleCancellation
WARNING: Unmatched cancel notification for request id 21
Mar 28, 2020 4:06:17 PM org.eclipse.lsp4j.jsonrpc.RemoteEndpoint handleCancellation
WARNING: Unmatched cancel notification for request id 25
Mar 28, 2020 4:06:17 PM org.eclipse.lsp4j.jsonrpc.RemoteEndpoint handleCancellation
WARNING: Unmatched cancel notification for request id 27
Mar 28, 2020 4:06:17 PM org.eclipse.lsp4j.jsonrpc.RemoteEndpoint handleCancellation
WARNING: Unmatched cancel notification for request id 26
Mar 28, 2020 4:06:17 PM org.eclipse.lsp4j.jsonrpc.RemoteEndpoint handleCancellation
WARNING: Unmatched cancel notification for request id 29
Mar 28, 2020 4:06:17 PM org.eclipse.lsp4j.jsonrpc.RemoteEndpoint handleCancellation
WARNING: Unmatched cancel notification for request id 31
Mar 28, 2020 4:06:17 PM org.eclipse.lsp4j.jsonrpc.RemoteEndpoint handleCancellation
WARNING: Unmatched cancel notification for request id 30
Mar 28, 2020 4:06:17 PM org.eclipse.lsp4j.jsonrpc.RemoteEndpoint handleCancellation
WARNING: Unmatched cancel notification for request id 35
Mar 28, 2020 4:06:17 PM org.eclipse.lsp4j.jsonrpc.RemoteEndpoint handleCancellation
WARNING: Unmatched cancel notification for request id 41
Mar 28, 2020 4:06:17 PM org.eclipse.lsp4j.jsonrpc.RemoteEndpoint handleCancellation
WARNING: Unmatched cancel notification for request id 36
WARN  no build target for: /home/enigma/Documents/tester/tester/src/main/scala/Main.scala
WARN  no build target for: /home/enigma/Documents/tester/tester/target/scala-2.13/src_managed/main/sbt-buildinfo/BuildInfo.scala
Mar 28, 2020 4:26:37 PM org.eclipse.lsp4j.jsonrpc.RemoteEndpoint handleCancellation
WARNING: Unmatched cancel notification for request id 137
WARN  no build target for: /home/enigma/Documents/tester/tester/target/scala-2.13/src_managed/main/sbt-buildinfo/BuildInfo.scala
WARN  no build target for: /home/enigma/Documents/tester/tester/src/main/scala/Main.scala
WARN  no build target for: /home/enigma/Documents/tester/tester/src/main/scala/Main.scala
Mar 28, 2020 5:16:54 PM org.eclipse.lsp4j.jsonrpc.RemoteEndpoint fallbackResponseError
SEVERE: Internal error: java.lang.StringIndexOutOfBoundsException: String index out of range: -1
java.util.concurrent.CompletionException: java.lang.StringIndexOutOfBoundsException: String index out of range: -1
	at java.base/java.util.concurrent.CompletableFuture.encodeThrowable(CompletableFuture.java:331)
	at java.base/java.util.concurrent.CompletableFuture.completeThrowable(CompletableFuture.java:346)
	at java.base/java.util.concurrent.CompletableFuture$UniAccept.tryFire(CompletableFuture.java:704)
	at java.base/java.util.concurrent.CompletableFuture.postComplete(CompletableFuture.java:506)
	at java.base/java.util.concurrent.CompletableFuture.completeExceptionally(CompletableFuture.java:2088)
	at scala.meta.internal.metals.CancelTokens$.$anonfun$future$1(CancelTokens.scala:38)
	at scala.meta.internal.metals.CancelTokens$.$anonfun$future$1$adapted(CancelTokens.scala:36)
	at scala.concurrent.impl.CallbackRunnable.run(Promise.scala:64)
	at java.base/java.util.concurrent.ThreadPoolExecutor.runWorker(ThreadPoolExecutor.java:1128)
	at java.base/java.util.concurrent.ThreadPoolExecutor$Worker.run(ThreadPoolExecutor.java:628)
	at java.base/java.lang.Thread.run(Thread.java:834)
Caused by: java.lang.StringIndexOutOfBoundsException: String index out of range: -1
	at java.base/java.lang.StringLatin1.charAt(StringLatin1.java:47)
	at java.base/java.lang.String.charAt(String.java:693)
	at scala.collection.immutable.StringOps$.apply$extension(StringOps.scala:41)
	at scala.meta.internal.metals.MetalsEnrichments$XtensionString.lastIndexBetween(MetalsEnrichments.scala:408)
	at scala.meta.internal.metals.MultilineStringFormattingProvider.pipeInScope(MultilineStringFormattingProvider.scala:93)
	at scala.meta.internal.metals.MultilineStringFormattingProvider.$anonfun$withToken$1(MultilineStringFormattingProvider.scala:139)
	at scala.concurrent.Future$.$anonfun$apply$1(Future.scala:659)
	at scala.util.Success.$anonfun$map$1(Try.scala:255)
	at scala.util.Success.map(Try.scala:213)
	at scala.concurrent.Future.$anonfun$map$1(Future.scala:292)
	at scala.concurrent.impl.Promise.liftedTree1$1(Promise.scala:33)
	at scala.concurrent.impl.Promise.$anonfun$transform$1(Promise.scala:33)
	... 4 more

Mar 28, 2020 5:17:13 PM org.eclipse.lsp4j.jsonrpc.RemoteEndpoint handleCancellation
WARNING: Unmatched cancel notification for request id 361
WARN  no build target for: /home/enigma/Documents/tester/tester/src/main/scala/Main.scala
WARN  no build target for: /home/enigma/Documents/tester/tester/src/main/scala/Main.scala
WARN  no build target for: /home/enigma/Documents/tester/tester/src/main/scala/Main.scala
WARN  no build target for: /home/enigma/Documents/tester/tester/src/main/scala/Main.scala
WARN  no build target for: /home/enigma/Documents/tester/tester/src/main/scala/Main.scala
WARN  no build target for: /home/enigma/Documents/tester/tester/src/main/scala/Main.scala
WARN  no build target for: /home/enigma/Documents/tester/tester/src/main/scala/Main.scala
WARN  no build target for: /home/enigma/Documents/tester/tester/src/main/scala/Main.scala
WARN  no build target for: /home/enigma/Documents/tester/tester/src/main/scala/Main.scala
WARN  no build target for: /home/enigma/Documents/tester/tester/src/main/scala/Main.scala
WARN  no build target for: /home/enigma/Documents/tester/tester/src/main/scala/Main.scala
WARN  no build target for: /home/enigma/Documents/tester/tester/src/main/scala/Main.scala
WARN  no build target for: /home/enigma/Documents/tester/tester/src/main/scala/Main.scala
WARN  no build target for: /home/enigma/Documents/tester/tester/src/main/scala/Main.scala
WARN  no build target for: /home/enigma/Documents/tester/tester/src/main/scala/Main.scala
WARN  no build target for: /home/enigma/Documents/tester/tester/src/main/scala/Main.scala
WARN  no build target for: /home/enigma/Documents/tester/tester/src/main/scala/Main.scala
WARN  no build target for: /home/enigma/Documents/tester/tester/src/main/scala/Main.scala
WARN  no build tool detected in workspace '/home/enigma/Documents/tester'. The most common cause for this problem is that the editor was opened in the wrong working directory, for example if you use sbt then the workspace directory should contain build.sbt. 
WARN  no build tool detected in workspace '/home/enigma/Documents/tester'. The most common cause for this problem is that the editor was opened in the wrong working directory, for example if you use sbt then the workspace directory should contain build.sbt. 
WARN  no build target for: /home/enigma/Documents/tester/tester/src/main/scala/Main.scala
WARN  no build tool detected in workspace '/home/enigma/Documents/tester'. The most common cause for this problem is that the editor was opened in the wrong working directory, for example if you use sbt then the workspace directory should contain build.sbt. 
WARN  no build tool detected in workspace '/home/enigma/Documents/tester'. The most common cause for this problem is that the editor was opened in the wrong working directory, for example if you use sbt then the workspace directory should contain build.sbt. 
WARN  no build target for: /home/enigma/Documents/tester/tester/src/main/scala/Main.scala
WARN  no build target for: /home/enigma/Documents/tester/tester/src/main/scala/Main.scala
